<?xml version="1.0" encoding="UTF-8"?>
<!-- Generated by org.testng.reporters.JUnitReportReporter -->
<testsuite hostname="SRINIVAS-G2005" failures="0" tests="1" name="testCases.TaskOne" time="53.657" errors="0" timestamp="2025-01-17T19:30:16 IST" skipped="0">
  <testcase classname="testCases.TaskOne" name="test" time="53.657"/>
</testsuite> <!-- testCases.TaskOne -->
