<?xml version="1.0" encoding="UTF-8"?>
<!-- Generated by org.testng.reporters.JUnitReportReporter -->
<testsuite hostname="SRINIVAS-G2005" failures="0" tests="1" name="testCases.Test1" time="0.005" errors="0" timestamp="2025-01-17T19:02:43 IST" skipped="0">
  <testcase classname="testCases.Test1" name="test" time="0.005"/>
</testsuite> <!-- testCases.Test1 -->
