<?xml version="1.0" encoding="UTF-8"?>
<!-- Generated by org.testng.reporters.JUnitReportReporter -->
<testsuite hostname="SRINIVAS-G2005" failures="0" tests="2" name="testCases.TaskOne" time="12.920" errors="0" timestamp="2025-02-05T18:52:43 IST" skipped="0">
  <testcase classname="testCases.TaskOne" name="testGetMethod" time="3.361"/>
  <testcase classname="testCases.TaskOne" name="testNavigateToMethod" time="9.559"/>
</testsuite> <!-- testCases.TaskOne -->
