<?xml version="1.0" encoding="UTF-8"?>
<!-- Generated by org.testng.reporters.JUnitReportReporter -->
<testsuite hostname="SRINIVAS-G2005" failures="0" tests="1" name="testCases.TaskFive" time="113.104" errors="0" timestamp="2025-02-07T21:33:58 IST" skipped="0">
  <testcase classname="testCases.TaskFive" name="logInToApplication" time="113.104"/>
</testsuite> <!-- testCases.TaskFive -->
